<?xml version="1.0" encoding="utf-8"?><testsuites name="pytest tests"><testsuite name="pytest" errors="0" failures="0" skipped="0" tests="8" time="11.825" timestamp="2026-06-02T14:36:43.248430+00:00" hostname="agent-env-5da0f8ec-f94f-4835-90f3-c4a5cf6f4f01"><testcase classname="backend.tests.test_odysai_backend" name="test_signup" time="0.490" /><testcase classname="backend.tests.test_odysai_backend" name="test_me" time="0.052" /><testcase classname="backend.tests.test_odysai_backend" name="test_login" time="0.272" /><testcase classname="backend.tests.test_odysai_backend" name="test_login_invalid" time="0.341" /><testcase classname="backend.tests.test_odysai_backend" name="test_chat_with_prefs" time="10.228" /><testcase classname="backend.tests.test_odysai_backend" name="test_create_itinerary" time="0.107" /><testcase classname="backend.tests.test_odysai_backend" name="test_list_itineraries" time="0.054" /><testcase classname="backend.tests.test_odysai_backend" name="test_delete_itinerary" time="0.106" /></testsuite></testsuites>